<?xml version="1.0" encoding="UTF-8"?>
<testng-results ignored="0" total="4" passed="4" failed="0" skipped="0">
  <reporter-output>
  </reporter-output>
  <suite started-at="2024-05-22T04:35:30Z" name="BDD Test Suite" finished-at="2024-05-22T04:35:54Z" duration-ms="24767">
    <groups>
      <group name="cucumber">
        <method signature="AbstractTestNGCucumberTests.runScenario(cucumber.api.testng.PickleEventWrapper, cucumber.api.testng.CucumberFeatureWrapper)[pri:0, instance:CrowdTestNgRunner@48fa0f47]" name="runScenario" class="cucumber.api.testng.AbstractTestNGCucumberTests"/>
      </group> <!-- cucumber -->
    </groups>
    <test started-at="2024-05-22T04:35:30Z" name="Login and Update Profile Test" finished-at="2024-05-22T04:35:54Z" duration-ms="24767">
      <class name="CrowdTestNgRunner">
        <test-method is-config="true" signature="setUpClass()[pri:0, instance:CrowdTestNgRunner@48fa0f47]" started-at="2024-05-22T04:35:30Z" name="setUpClass" finished-at="2024-05-22T04:35:30Z" duration-ms="619" status="PASS">
          <reporter-output>
          </reporter-output>
        </test-method> <!-- setUpClass -->
        <test-method signature="runScenario(cucumber.api.testng.PickleEventWrapper, cucumber.api.testng.CucumberFeatureWrapper)[pri:0, instance:CrowdTestNgRunner@48fa0f47]" started-at="2024-05-22T04:35:30Z" name="runScenario" description="Runs Cucumber Scenarios" data-provider="scenarios" finished-at="2024-05-22T04:35:37Z" duration-ms="7062" status="PASS">
          <params>
            <param index="0">
              <value>
                <![CDATA["Plus operation"]]>
              </value>
            </param>
            <param index="1">
              <value>
                <![CDATA["As a potential client i need to open a calculator and do math operations"]]>
              </value>
            </param>
          </params>
          <reporter-output>
          </reporter-output>
        </test-method> <!-- runScenario -->
        <test-method signature="runScenario(cucumber.api.testng.PickleEventWrapper, cucumber.api.testng.CucumberFeatureWrapper)[pri:0, instance:CrowdTestNgRunner@48fa0f47]" started-at="2024-05-22T04:35:37Z" name="runScenario" description="Runs Cucumber Scenarios" data-provider="scenarios" finished-at="2024-05-22T04:35:43Z" duration-ms="5251" status="PASS">
          <params>
            <param index="0">
              <value>
                <![CDATA["Subtract operation"]]>
              </value>
            </param>
            <param index="1">
              <value>
                <![CDATA["As a potential client i need to open a calculator and do math operations"]]>
              </value>
            </param>
          </params>
          <reporter-output>
          </reporter-output>
        </test-method> <!-- runScenario -->
        <test-method signature="runScenario(cucumber.api.testng.PickleEventWrapper, cucumber.api.testng.CucumberFeatureWrapper)[pri:0, instance:CrowdTestNgRunner@48fa0f47]" started-at="2024-05-22T04:35:43Z" name="runScenario" description="Runs Cucumber Scenarios" data-provider="scenarios" finished-at="2024-05-22T04:35:48Z" duration-ms="5032" status="PASS">
          <params>
            <param index="0">
              <value>
                <![CDATA["Multiply operation"]]>
              </value>
            </param>
            <param index="1">
              <value>
                <![CDATA["As a potential client i need to open a calculator and do math operations"]]>
              </value>
            </param>
          </params>
          <reporter-output>
          </reporter-output>
        </test-method> <!-- runScenario -->
        <test-method signature="runScenario(cucumber.api.testng.PickleEventWrapper, cucumber.api.testng.CucumberFeatureWrapper)[pri:0, instance:CrowdTestNgRunner@48fa0f47]" started-at="2024-05-22T04:35:48Z" name="runScenario" description="Runs Cucumber Scenarios" data-provider="scenarios" finished-at="2024-05-22T04:35:53Z" duration-ms="5751" status="PASS">
          <params>
            <param index="0">
              <value>
                <![CDATA["Division operation"]]>
              </value>
            </param>
            <param index="1">
              <value>
                <![CDATA["As a potential client i need to open a calculator and do math operations"]]>
              </value>
            </param>
          </params>
          <reporter-output>
          </reporter-output>
        </test-method> <!-- runScenario -->
        <test-method is-config="true" signature="tearDownClass()[pri:0, instance:CrowdTestNgRunner@48fa0f47]" started-at="2024-05-22T04:35:53Z" name="tearDownClass" finished-at="2024-05-22T04:35:54Z" duration-ms="941" status="PASS">
          <reporter-output>
          </reporter-output>
        </test-method> <!-- tearDownClass -->
      </class> <!-- CrowdTestNgRunner -->
    </test> <!-- Login and Update Profile Test -->
  </suite> <!-- BDD Test Suite -->
</testng-results>
